Arguments: 
  C:\Program Files\nodejs\node.exe C:\Users\Matth\AppData\Roaming\npm\node_modules\yarn\bin\yarn.js

PATH: 
  C:\Program Files\PowerShell\7;C:\Windows\system32;C:\Windows;C:\Windows\System32\Wbem;C:\Windows\System32\WindowsPowerShell\v1.0\;C:\Windows\System32\OpenSSH\;C:\Program Files\PuTTY\;C:\Program Files\Microsoft VS Code\bin;C:\Program Files\NVIDIA Corporation\NVIDIA NvDLISR;C:\Program Files (x86)\NVIDIA Corporation\PhysX\Common;C:\ProgramData\chocolatey\bin;C:\Program Files\Java\jdk1.8.0_211\bin;S:\AndroidSdk\emulator;S:\AndroidSdk\platform-tools;C:\Program Files\Docker\Docker\resources\bin;C:\ProgramData\DockerDesktop\version-bin;C:\Program Files\dotnet\;C:\Program Files (x86)\Microsoft SQL Server\150\DTS\Binn\;C:\Program Files\Microsoft SQL Server\Client SDK\ODBC\170\Tools\Binn\;C:\Program Files (x86)\Microsoft SQL Server\150\Tools\Binn\;C:\Program Files\Microsoft SQL Server\150\Tools\Binn\;C:\Program Files\Microsoft SQL Server\150\DTS\Binn\;C:\Program Files\Microsoft SQL Server\130\Tools\Binn\;C:\Program Files\nodejs\;C:\Program Files\Git\cmd;C:\Program Files\PowerShell\7\;C:\Users\Matth\.cargo\bin;C:\Users\Matth\.windows-build-tools\python27\;C:\Users\Matth\AppData\Local\Microsoft\WindowsApps;C:\Users\Matth\.dotnet\tools;C:\kubectl;C:\Program Files\heroku\bin;C:\Program Files\Shopify;C:\tools\dart-sdk\bin;C:\tools\flutter\bin;C:\Users\Matth\AppData\Roaming\Pub\Cache\bin;C:\Users\Matth\.dotnet\tools;C:\Users\Matth\AppData\Roaming\npm;C:\Users\Matth\AppData\Local\gitkraken\bin;C:\Program Files\MongoDB\Server\4.2\bin;

Yarn version: 
  1.22.10

Node version: 
  14.15.3

Platform: 
  win32 x64

Trace: 
  Error: EPERM: operation not permitted, unlink 'S:\code\final-year-project-webpack\node_modules\node-sass\vendor\win32-x64-83\binding.node'

npm manifest: 
  {
    "name": "svelte-app",
    "version": "1.0.0",
    "devDependencies": {
      "@tsconfig/svelte": "^1.0.10",
      "@types/node": "^14.11.1",
      "class-transformer": "^0.4.0",
      "clean-webpack-plugin": "^3.0.0",
      "cross-env": "^7.0.3",
      "css-loader": "^5.0.1",
      "cssnano": "^4.1.10",
      "mini-css-extract-plugin": "^1.3.4",
      "postcss": "^8.2.6",
      "postcss-cssnext": "^3.1.0",
      "postcss-load-config": "^3.0.1",
      "postcss-loader": "^5.0.0",
      "postcss-preset-env": "^6.7.0",
      "sass-loader": "^11.0.1",
      "sirv-cli": "^1.0.11",
      "svelte": "^3.31.2",
      "svelte-check": "^1.0.46",
      "svelte-loader": "^3.0.0",
      "svelte-preprocess": "^4.3.0",
      "ts-loader": "^8.0.4",
      "tslib": "^2.0.1",
      "typescript": "^4.0.3",
      "url-loader": "^4.1.1",
      "webpack": "^5.16.0",
      "webpack-cli": "^4.4.0",
      "webpack-dev-server": "^3.11.2"
    },
    "scripts": {
      "build": "cross-env NODE_ENV=production webpack",
      "serve": "sirv public -s",
      "dev": "webpack serve --content-base public",
      "validate": "svelte-check"
    },
    "dependencies": {
      "firebase": "^8.2.9",
      "svelte-i18n": "^3.3.6",
      "svelte-loadable": "^1.5.1",
      "svelte-routing": "^1.5.0"
    }
  }

yarn manifest: 
  No manifest

Lockfile: 
  No lockfile
